<?xml version="1.0" encoding="UTF-8"?>
<testng-results ignored="0" total="2" passed="2" failed="0" skipped="0">
  <reporter-output>
  </reporter-output>
  <suite started-at="2025-04-19T17:23:49 IST" name="Suite" finished-at="2025-04-19T17:24:03 IST" duration-ms="14038">
    <groups>
    </groups>
    <test started-at="2025-04-19T17:23:49 IST" name="Test" finished-at="2025-04-19T17:24:03 IST" duration-ms="14038">
      <class name="jenkins.OrangeHRM">
        <test-method signature="initializeBrowser()[pri:1, instance:jenkins.OrangeHRM@4c402120]" started-at="2025-04-19T17:23:49 IST" name="initializeBrowser" finished-at="2025-04-19T17:23:58 IST" duration-ms="8295" status="PASS">
          <reporter-output>
          </reporter-output>
        </test-method> <!-- initializeBrowser -->
        <test-method signature="enterUsernamePassword()[pri:2, instance:jenkins.OrangeHRM@4c402120]" started-at="2025-04-19T17:23:58 IST" name="enterUsernamePassword" finished-at="2025-04-19T17:24:03 IST" duration-ms="5638" status="PASS">
          <reporter-output>
          </reporter-output>
        </test-method> <!-- enterUsernamePassword -->
      </class> <!-- jenkins.OrangeHRM -->
    </test> <!-- Test -->
  </suite> <!-- Suite -->
</testng-results>
